
======== GPU REPORT ========

==============NVSMI LOG==============

Timestamp                                 : Wed Jul 12 18:02:38 2023
Driver Version                            : 515.65.01
CUDA Version                              : 11.7

Attached GPUs                             : 1
GPU 00000000:89:00.0
    Accounting Mode                       : Enabled
    Accounting Mode Buffer Size           : 4000
    Accounted Processes
        Process ID                        : 13872
            GPU Utilization               : 4 %
            Memory Utilization            : 2 %
            Max memory usage              : 6181 MiB
            Time                          : 1437430 ms
            Is Running                    : 0
        Process ID                        : 34608
            GPU Utilization               : 4 %
            Memory Utilization            : 1 %
            Max memory usage              : 6181 MiB
            Time                          : 865845 ms
            Is Running                    : 0

Wed Jul 12 18:02:38 2023       
+-----------------------------------------------------------------------------+
| NVIDIA-SMI 515.65.01    Driver Version: 515.65.01    CUDA Version: 11.7     |
|-------------------------------+----------------------+----------------------+
| GPU  Name        Persistence-M| Bus-Id        Disp.A | Volatile Uncorr. ECC |
| Fan  Temp  Perf  Pwr:Usage/Cap|         Memory-Usage | GPU-Util  Compute M. |
|                               |                      |               MIG M. |
|===============================+======================+======================|
|   0  Quadro RTX 8000     On   | 00000000:89:00.0 Off |                  Off |
| 33%   28C    P8    27W / 260W |      1MiB / 49152MiB |      0%      Default |
|                               |                      |                  N/A |
+-------------------------------+----------------------+----------------------+
                                                                               
+-----------------------------------------------------------------------------+
| Processes:                                                                  |
|  GPU   GI   CI        PID   Type   Process name                  GPU Memory |
|        ID   ID                                                   Usage      |
|=============================================================================|
|  No running processes found                                                 |
+-----------------------------------------------------------------------------+
